<?xml version="1.0" encoding="UTF-8"?>
<!-- Generated by org.testng.reporters.JUnitReportReporter -->
<testsuite hostname="INLM-Deepak.local" failures="0" tests="1" name="SampleProject.Search" time="6.050" errors="0" timestamp="03 Aug 2020 19:18:29 GMT" skipped="0">
  <testcase classname="SampleProject.Search" name="page" time="6.050"/>
</testsuite> <!-- SampleProject.Search -->
