<?xml version="1.0" encoding="UTF-8"?>
<!-- Generated by org.testng.reporters.JUnitReportReporter -->
<testsuite hostname="INLM-Deepak.local" failures="0" tests="1" name="test_Selenium_Package.keyboardActions" time="4.907" errors="0" timestamp="12 Dec 2018 10:07:51 GMT" skipped="0">
  <testcase classname="test_Selenium_Package.keyboardActions" name="KB" time="4.907"/>
</testsuite> <!-- test_Selenium_Package.keyboardActions -->
