<?xml version="1.0" encoding="UTF-8"?>
<!-- Generated by org.testng.reporters.JUnitReportReporter -->
<testsuite hostname="INLM-Deepak.local" failures="0" tests="1" name="test_Selenium_Package.Demo" time="11.332" errors="0" timestamp="27 Aug 2019 05:59:51 GMT" skipped="0">
  <testcase classname="test_Selenium_Package.Demo" name="b" time="11.332"/>
</testsuite> <!-- test_Selenium_Package.Demo -->
