<?xml version="1.0" encoding="UTF-8"?>
<!-- Generated by org.testng.reporters.JUnitReportReporter -->
<testsuite hostname="INLM-Deepak.local" failures="0" tests="1" name="test_Selenium_Package.Assert123" time="4.387" errors="0" timestamp="14 Dec 2019 10:12:35 GMT" skipped="0">
  <testcase classname="test_Selenium_Package.Assert123" name="Ass" time="4.387"/>
</testsuite> <!-- test_Selenium_Package.Assert123 -->
