<?xml version="1.0" encoding="UTF-8"?>
<!-- Generated by org.testng.reporters.JUnitReportReporter -->
<testsuite hostname="INLM-Deepak.local" failures="0" tests="1" name="test_Selenium_Package.Debug" time="4.519" errors="0" timestamp="23 Jan 2019 17:46:21 GMT" skipped="0">
  <testcase classname="test_Selenium_Package.Debug" name="debug" time="4.519"/>
</testsuite> <!-- test_Selenium_Package.Debug -->
