<?xml version="1.0" encoding="UTF-8"?>
<!-- Generated by org.testng.reporters.JUnitReportReporter -->
<testsuite hostname="INLM-Deepak.local" failures="0" tests="1" name="test_Selenium_Package.Assert" time="9.051" errors="0" timestamp="17 Dec 2018 10:06:03 GMT" skipped="0">
  <testcase classname="test_Selenium_Package.Assert" name="Ass" time="9.051"/>
</testsuite> <!-- test_Selenium_Package.Assert -->
