<?xml version="1.0" encoding="UTF-8"?>
<!-- Generated by org.testng.reporters.JUnitReportReporter -->
<testsuite hostname="INLM-Deepak.local" failures="0" tests="1" name="POM.Firstsource" time="10.458" errors="0" timestamp="19 Dec 2018 09:59:51 GMT" skipped="0">
  <testcase classname="POM.Firstsource" name="AmazonSearch" time="10.458"/>
</testsuite> <!-- POM.Firstsource -->
